<?xml version="1.0" encoding="UTF-8"?>
<testsuite name="ProverbTest" tests="6" skipped="0" failures="0" errors="0" timestamp="2019-07-04T14:18:36" hostname="Interns-MacBook-Pro-01.local" time="0.01">
  <properties/>
  <testcase name="shortChainOfConsequences" classname="ProverbTest" time="0.007"/>
  <testcase name="fullProverb" classname="ProverbTest" time="0.001"/>
  <testcase name="zeroWordsAreGiven" classname="ProverbTest" time="0.0"/>
  <testcase name="singlePieceOfProverb" classname="ProverbTest" time="0.001"/>
  <testcase name="twoPiecesOfProverb" classname="ProverbTest" time="0.0"/>
  <testcase name="fourPiecesModernizedProverb" classname="ProverbTest" time="0.001"/>
  <system-out><![CDATA[]]></system-out>
  <system-err><![CDATA[]]></system-err>
</testsuite>
